build/app/outputs/mapping/release/seeds.txt
com.example.flutter_weather_app_v2.MainActivity
com.example.flutter_weather_app_v2.MainActivity: MainActivity()
...
io.flutter.embedding.engine.FlutterJNI: void onSurfaceChanged(int,int)
kotlinx.coroutines.internal.LockFreeLinkedListNode$CondAddOp
androidx.window.layout.EmptyDecorator: EmptyDecorator()
androidx.window.embedding.EmbeddingAdapter: java.util.function.Predicate translateActivityPredicates(java.util.Set)
kotlinx.coroutines.internal.LockFreeTaskQueue: java.lang.Object _cur
androidx.window.layout.SidecarAdapter: boolean isEqualSidecarDeviceState(androidx.window.sidecar.SidecarDeviceState,androidx.window.sidecar.SidecarDeviceState)
androidx.window.layout.HardwareFoldingFeature$Type$Companion: HardwareFoldingFeature$Type$Companion()
kotlinx.coroutines.android.HandlerContext: kotlinx.coroutines.android.HandlerContext _immediate
androidx.window.embedding.SplitController: void initialize(android.content.Context,int)
androidx.window.layout.SidecarCompat$TranslatingCallback: SidecarCompat$TranslatingCallback(androidx.window.layout.SidecarCompat)
androidx.window.layout.ExtensionWindowLayoutInfoBackend$MulticastConsumer: android.app.Activity activity
androidx.window.layout.SidecarAdapter: boolean isEqualSidecarWindowLayoutInfo(androidx.window.sidecar.SidecarWindowLayoutInfo,androidx.window.sidecar.SidecarWindowLayoutInfo)
androidx.window.layout.WindowMetrics: boolean equals(java.lang.Object)
androidx.window.layout.WindowInfoTrackerImpl$Companion: WindowInfoTrackerImpl$Companion()
kotlinx.coroutines.channels.BufferOverflow: kotlinx.coroutines.channels.BufferOverflow[] values()
io.flutter.embedding.engine.FlutterJNI: void nativePrefetchDefaultFontManager()
androidx.window.core.Bounds: boolean equals(java.lang.Object)
io.flutter.embedding.engine.systemchannels.PlatformChannel$ClipboardContentFormat: io.flutter.embedding.engine.systemchannels.PlatformChannel$ClipboardContentFormat valueOf(java.lang.String)
io.flutter.embedding.engine.FlutterJNI: void detachFromNativeAndReleaseResources()
androidx.window.embedding.ActivityStack: java.lang.String toString()
io.flutter.embedding.engine.FlutterJNI: void updateRefreshRate()
androidx.window.core.Bounds: int right
androidx.window.layout.WindowMetricsCalculatorCompat: androidx.window.layout.WindowMetrics computeMaximumWindowMetrics(android.app.Activity)
kotlinx.coroutines.JobSupport
kotlinx.coroutines.JobSupport: java.lang.Object _state
kotlin.jvm.internal.CallableReference: java.lang.Object callBy(java.util.Map)
androidx.window.layout.SidecarCompat$TranslatingCallback
androidx.window.core.Bounds: android.graphics.Rect toRect()
kotlinx.coroutines.scheduling.CoroutineScheduler: long controlState
androidx.window.layout.ExtensionInterfaceCompat$ExtensionCallbackInterface
kotlinx.coroutines.CancelledContinuation: int _resumed
io.flutter.plugins.GeneratedPluginRegistrant: GeneratedPluginRegistrant()
androidx.window.embedding.ActivityFilter: android.content.ComponentName getComponentName()
kotlin.jvm.internal.CallableReference: boolean isOpen()
kotlinx.coroutines.JobImpl
androidx.window.layout.SidecarCompat$DistinctSidecarElementCallback: androidx.window.sidecar.SidecarInterface$SidecarCallback callbackInterface
androidx.window.layout.WindowMetricsCalculatorCompat: android.view.DisplayCutout getCutoutForDisplay(android.view.Display)
androidx.window.embedding.SplitPairRule: SplitPairRule(java.util.Set,boolean,boolean,boolean,int,int,float,int,int,kotlin.jvm.internal.DefaultConstructorMarker)
androidx.window.R$attr: int finishSecondaryWithPrimary
kotlinx.coroutines.internal.LockFreeLinkedListNode: java.lang.Object _prev
io.flutter.embedding.engine.systemchannels.PlatformChannel$HapticFeedbackType: io.flutter.embedding.engine.systemchannels.PlatformChannel$HapticFeedbackType[] values()
io.flutter.embedding.engine.FlutterJNI: java.lang.String observatoryUri
androidx.window.layout.WindowLayoutInfo: WindowLayoutInfo(java.util.List)