build/app/outputs/mapping/release/mapping.txt
# compiler: R8
# compiler_version: 2.1.86
# min_api: 16
# pg_map_id: ee56193
# common_typos_disable
...
kotlin.LazyKt__LazyKt -> f.g:
kotlin.NoWhenBranchMatchedException -> f.h:
kotlin.Pair -> f.i:
    java.lang.Object first -> d
    java.lang.Object second -> e
    java.lang.Object component1() -> a
    java.lang.Object component2() -> b
    java.lang.Object getFirst() -> c
    java.lang.Object getSecond() -> d
kotlin.Result -> f.j:
    kotlin.Result$Companion Companion -> d
    java.lang.Object constructor-impl(java.lang.Object) -> a
    java.lang.Throwable exceptionOrNull-impl(java.lang.Object) -> b
    boolean isFailure-impl(java.lang.Object) -> c
    boolean isSuccess-impl(java.lang.Object) -> d
kotlin.Result$Companion -> f.j$a:
kotlin.Result$Failure -> f.j$b:
    java.lang.Throwable exception -> d
kotlin.ResultKt -> f.k:
    java.lang.Object createFailure(java.lang.Throwable) -> a
    void throwOnFailure(java.lang.Object) -> b
kotlin.SynchronizedLazyImpl -> f.l:
    kotlin.jvm.functions.Function0 initializer -> d
    java.lang.Object lock -> f
    java.lang.Object _value -> e
    boolean isInitialized() -> a
kotlin.TuplesKt -> f.m:
    kotlin.Pair to(java.lang.Object,java.lang.Object) -> a
kotlin.UNINITIALIZED_VALUE -> f.n:
    kotlin.UNINITIALIZED_VALUE INSTANCE -> a
kotlin.UninitializedPropertyAccessException -> f.o:
kotlin.Unit -> f.p:
    kotlin.Unit INSTANCE -> a
kotlin.collections.ArraysKt -> f.q.a:
    java.util.List asList(java.lang.Object[]) -> a
    java.lang.Object[] copyInto$default(java.lang.Object[],java.lang.Object[],int,int,int,int,java.lang.Object) -> c
    void fill(java.lang.Object[],java.lang.Object,int,int) -> d
    void fill$default(java.lang.Object[],java.lang.Object,int,int,int,java.lang.Object) -> e
    char single(char[]) -> g
    java.lang.Object singleOrNull(java.lang.Object[]) -> h
    java.util.List sortedWith(java.lang.Object[],java.util.Comparator) -> j
kotlin.collections.ArraysKt__ArraysJVMKt -> f.q.b:
kotlin.collections.ArraysKt__ArraysKt -> f.q.c:
kotlin.collections.ArraysKt___ArraysJvmKt -> f.q.d:
    java.util.List asList(java.lang.Object[]) -> a
    java.lang.Object[] copyInto(java.lang.Object[],java.lang.Object[],int,int,int) -> b
    java.lang.Object[] copyInto$default(java.lang.Object[],java.lang.Object[],int,int,int,int,java.lang.Object) -> c
    void fill(java.lang.Object[],java.lang.Object,int,int) -> d
    void fill$default(java.lang.Object[],java.lang.Object,int,int,int,java.lang.Object) -> e
    void sortWith(java.lang.Object[],java.util.Comparator) -> f
kotlin.collections.ArraysKt___ArraysKt -> f.q.e:
    char single(char[]) -> g
    java.lang.Object singleOrNull(java.lang.Object[]) -> h
    java.lang.Object[] sortedArrayWith(java.lang.Object[],java.util.Comparator) -> i
    java.util.List sortedWith(java.lang.Object[],java.util.Comparator) -> j
kotlin.collections.ArraysUtilJVM -> f.q.f:
    java.util.List asList(java.lang.Object[]) -> a
kotlin.collections.CollectionsKt -> f.q.g:
    java.util.List emptyList() -> b
    int getLastIndex(java.util.List) -> c
    java.util.List listOf(java.lang.Object[]) -> d
    java.util.List optimizeReadOnlyList(java.util.List) -> e
    void throwIndexOverflow() -> f
    int collectionSizeOrDefault(java.lang.Iterable,int) -> g
    boolean addAll(java.util.Collection,java.lang.Iterable) -> h
    java.lang.Appendable joinTo$default(java.lang.Iterable,java.lang.Appendable,java.lang.CharSequence,java.lang.CharSequence,java.lang.CharSequence,int,java.lang.CharSequence,kotlin.jvm.functions.Function1,int,java.lang.Object) -> j
    java.lang.String joinToString$default(java.lang.Iterable,java.lang.CharSequence,java.lang.CharSequence,java.lang.CharSequence,int,java.lang.CharSequence,kotlin.jvm.functions.Function1,int,java.lang.Object) -> l
    java.lang.Comparable minOrNull(java.lang.Iterable) -> m
    java.lang.Object single(java.lang.Iterable) -> n
    java.util.List toList(java.lang.Iterable) -> q
    java.util.Set toSet(java.lang.Iterable) -> t