build/app/outputs/mapping/release/usage.txt
com.example.flutter_weather_app_v2.R$drawable
com.example.flutter_weather_app_v2.R$color
com.example.flutter_weather_app_v2.R
com.example.flutter_weather_app_v2.R$style
com.example.flutter_weather_app_v2.R$styleable
com.example.flutter_weather_app_v2.R$id
com.example.flutter_weather_app_v2.R$mipmap
com.example.flutter_weather_app_v2.R$dimen
com.example.flutter_weather_app_v2.R$attr
com.example.flutter_weather_app_v2.BuildConfig
com.example.flutter_weather_app_v2.R$integer
com.example.flutter_weather_app_v2.R$string
com.example.flutter_weather_app_v2.R$layout
...
kotlin.text.CharsKt__CharJVMKt:
    public static final kotlin.text.CharCategory getCategory(char)
    private static final boolean isDefined(char)
    private static final boolean isLetter(char)
    private static final boolean isLetterOrDigit(char)
    private static final boolean isDigit(char)
    private static final boolean isIdentifierIgnorable(char)
    private static final boolean isISOControl(char)
    private static final boolean isJavaIdentifierPart(char)
    private static final boolean isJavaIdentifierStart(char)
    private static final boolean isUpperCase(char)
    private static final boolean isLowerCase(char)
    private static final char toUpperCase(char)
    private static final char uppercaseChar(char)
    private static final java.lang.String uppercase(char)
    public static final java.lang.String uppercase(char,java.util.Locale)
    private static final char toLowerCase(char)
    private static final char lowercaseChar(char)
    private static final java.lang.String lowercase(char)
    public static final java.lang.String lowercase(char,java.util.Locale)
    private static final boolean isTitleCase(char)
    private static final char toTitleCase(char)
    private static final char titlecaseChar(char)
    public static final java.lang.String titlecase(char,java.util.Locale)
    public static final kotlin.text.CharDirectionality getDirectionality(char)
    private static final boolean isHighSurrogate(char)
androidx.fragment.app.FragmentManagerImpl$4
kotlinx.coroutines.CancellableContinuation:
    public abstract boolean isActive()
    public abstract boolean isCompleted()
    public abstract boolean isCancelled()
    public abstract void initCancellability()
    public abstract boolean cancel(java.lang.Throwable)
    public abstract void resumeUndispatched(kotlinx.coroutines.CoroutineDispatcher,java.lang.Object)
    public abstract void resumeUndispatchedWithException(kotlinx.coroutines.CoroutineDispatcher,java.lang.Throwable)
kotlin.coroutines.ContinuationInterceptor:
    public abstract kotlin.coroutines.CoroutineContext$Element get(kotlin.coroutines.CoroutineContext$Key)
    public abstract kotlin.coroutines.CoroutineContext minusKey(kotlin.coroutines.CoroutineContext$Key)
kotlinx.coroutines.scheduling.LimitingDispatcher:
    public java.util.concurrent.Executor getExecutor()
    public void dispatchYield(kotlin.coroutines.CoroutineContext,java.lang.Runnable)
kotlin.jvm.Throws
kotlin.jvm.internal.PropertyReference
androidx.core.view.WindowInsetsAnimationCompat$Impl21
kotlinx.coroutines.channels.Channel:
    public static final int UNLIMITED
    public static final int RENDEZVOUS
    public static final int CONFLATED
    public static final int BUFFERED
    public static final int OPTIONAL_CHANNEL
    public static final java.lang.String DEFAULT_BUFFER_PROPERTY_NAME
androidx.versionedparcelable.VersionedParcel$1
kotlin.io.FilesKt__UtilsKt$copyRecursively$1
kotlinx.coroutines.debug.internal.ConcurrentWeakMap$Core$KeyValueIterator
kotlin.jvm.internal.DoubleSpreadBuilder
kotlin.sequences.SequencesKt__SequencesKt$shuffled$1
androidx.core.provider.FontRequestWorker$3
androidx.core.app.ActivityOptionsCompat$ActivityOptionsCompatImpl
kotlin.math.Constants
org.intellij.lang.annotations.Language
kotlin.random.jdk8.PlatformThreadLocalRandom:
    public int nextInt(int,int)
    public long nextLong(long)
    public long nextLong(long,long)
    public double nextDouble(double)
kotlin.jvm.internal.ArrayDoubleIterator
kotlin.ranges.RangesKt:
    private void <init>()
androidx.versionedparcelable.NonParcelField
androidx.core.view.GravityCompat
kotlinx.coroutines.flow.FlowKt__ZipKt
kotlinx.coroutines.channels.BroadcastCoroutine
kotlin.collections.BrittleContainsOptimizationKt
kotlinx.coroutines.DelayKt
kotlin.reflect.KMutableProperty$Setter
kotlinx.coroutines.flow.FlowKt__ReduceKt$firstOrNull$$inlined$collectWhile$1
kotlin.sequences.SequencesKt___SequencesKt$zip$1